<?xml version="1.0" encoding="UTF-8"?>
<testsuite name="BIF.SWE1.unittests.Test_8_CRUD" tests="10" skipped="0" failures="0" errors="0" timestamp="2020-07-10T13:44:51" hostname="DESKTOP-6UFJ24U" time="731.838">
  <properties/>
  <testcase name="test_CRUD_search_fields" classname="BIF.SWE1.unittests.Test_8_CRUD" time="725.51"/>
  <testcase name="test_CRUD_finding_and_deleting_with_POST_request" classname="BIF.SWE1.unittests.Test_8_CRUD" time="0.041"/>
  <testcase name="test_CRUD_finding_POST_request" classname="BIF.SWE1.unittests.Test_8_CRUD" time="0.021"/>
  <testcase name="test_CRUD_saving_GET_requests" classname="BIF.SWE1.unittests.Test_8_CRUD" time="0.059"/>
  <testcase name="test_CRUD_setJDBC" classname="BIF.SWE1.unittests.Test_8_CRUD" time="0.029"/>
  <testcase name="test_CRUD_saving_tail_with_POST" classname="BIF.SWE1.unittests.Test_8_CRUD" time="0.034"/>
  <testcase name="test_CRUD_saving_tail_fails_with_POST" classname="BIF.SWE1.unittests.Test_8_CRUD" time="0.017"/>
  <testcase name="test_CRUD_saving_new_tail_with_POST" classname="BIF.SWE1.unittests.Test_8_CRUD" time="0.027"/>
  <testcase name="test_CRUD_finding" classname="BIF.SWE1.unittests.Test_8_CRUD" time="0.016"/>
  <testcase name="test_CRUD_deleting_with_foreign_key_constrain_failure_with_POST_request" classname="BIF.SWE1.unittests.Test_8_CRUD" time="6.082"/>
  <system-out><![CDATA[]]></system-out>
  <system-err><![CDATA[org.sqlite.SQLiteException: [SQLITE_BUSY]  The database file is locked (database is locked)
	at org.sqlite.core.DB.newSQLException(DB.java:1010)
	at org.sqlite.core.DB.newSQLException(DB.java:1022)
	at org.sqlite.core.DB.execute(DB.java:861)
	at org.sqlite.core.CoreStatement.exec(CoreStatement.java:80)
	at org.sqlite.jdbc3.JDBC3Statement.execute(JDBC3Statement.java:53)
	at comp.imp.plugins.AbstractDatabaseConnection._execute(AbstractDatabaseConnection.java:323)
	at comp.imp.plugins.TemperatureReader.lambda$new$0(TemperatureReader.java:93)
	at java.base/java.lang.Thread.run(Thread.java:834)
java.sql.SQLException: No suitable driver found for THIS_IS_A_TEST_VALUE
	at java.sql/java.sql.DriverManager.getConnection(DriverManager.java:702)
	at java.sql/java.sql.DriverManager.getConnection(DriverManager.java:251)
	at comp.imp.plugins.AbstractDatabaseConnection._createAndOrConnectToDatabase(AbstractDatabaseConnection.java:52)
	at comp.imp.plugins.AbstractDatabaseConnection._createAndOrConnectToDatabase(AbstractDatabaseConnection.java:64)
	at comp.imp.plugins.CRUD.handle(CRUD.java:83)
	at BIF.SWE1.unittests.Test_8_CRUD.test_CRUD_setJDBC(Test_8_CRUD.java:453)
	at java.base/jdk.internal.reflect.NativeMethodAccessorImpl.invoke0(Native Method)
	at java.base/jdk.internal.reflect.NativeMethodAccessorImpl.invoke(NativeMethodAccessorImpl.java:62)
	at java.base/jdk.internal.reflect.DelegatingMethodAccessorImpl.invoke(DelegatingMethodAccessorImpl.java:43)
	at java.base/java.lang.reflect.Method.invoke(Method.java:566)
	at org.junit.runners.model.FrameworkMethod$1.runReflectiveCall(FrameworkMethod.java:50)
	at org.junit.internal.runners.model.ReflectiveCallable.run(ReflectiveCallable.java:12)
	at org.junit.runners.model.FrameworkMethod.invokeExplosively(FrameworkMethod.java:47)
	at org.junit.internal.runners.statements.InvokeMethod.evaluate(InvokeMethod.java:17)
	at org.junit.runners.ParentRunner.runLeaf(ParentRunner.java:325)
	at org.junit.runners.BlockJUnit4ClassRunner.runChild(BlockJUnit4ClassRunner.java:78)
	at org.junit.runners.BlockJUnit4ClassRunner.runChild(BlockJUnit4ClassRunner.java:57)
	at org.junit.runners.ParentRunner$3.run(ParentRunner.java:290)
	at org.junit.runners.ParentRunner$1.schedule(ParentRunner.java:71)
	at org.junit.runners.ParentRunner.runChildren(ParentRunner.java:288)
	at org.junit.runners.ParentRunner.access$000(ParentRunner.java:58)
	at org.junit.runners.ParentRunner$2.evaluate(ParentRunner.java:268)
	at org.junit.internal.runners.statements.RunBefores.evaluate(RunBefores.java:26)
	at org.junit.internal.runners.statements.RunAfters.evaluate(RunAfters.java:27)
	at org.junit.runners.ParentRunner.run(ParentRunner.java:363)
	at org.gradle.api.internal.tasks.testing.junit.JUnitTestClassExecutor.runTestClass(JUnitTestClassExecutor.java:110)
	at org.gradle.api.internal.tasks.testing.junit.JUnitTestClassExecutor.execute(JUnitTestClassExecutor.java:58)
	at org.gradle.api.internal.tasks.testing.junit.JUnitTestClassExecutor.execute(JUnitTestClassExecutor.java:38)
	at org.gradle.api.internal.tasks.testing.junit.AbstractJUnitTestClassProcessor.processTestClass(AbstractJUnitTestClassProcessor.java:62)
	at org.gradle.api.internal.tasks.testing.SuiteTestClassProcessor.processTestClass(SuiteTestClassProcessor.java:51)
	at java.base/jdk.internal.reflect.NativeMethodAccessorImpl.invoke0(Native Method)
	at java.base/jdk.internal.reflect.NativeMethodAccessorImpl.invoke(NativeMethodAccessorImpl.java:62)
	at java.base/jdk.internal.reflect.DelegatingMethodAccessorImpl.invoke(DelegatingMethodAccessorImpl.java:43)
	at java.base/java.lang.reflect.Method.invoke(Method.java:566)
	at org.gradle.internal.dispatch.ReflectionDispatch.dispatch(ReflectionDispatch.java:36)
	at org.gradle.internal.dispatch.ReflectionDispatch.dispatch(ReflectionDispatch.java:24)
	at org.gradle.internal.dispatch.ContextClassLoaderDispatch.dispatch(ContextClassLoaderDispatch.java:33)
	at org.gradle.internal.dispatch.ProxyDispatchAdapter$DispatchingInvocationHandler.invoke(ProxyDispatchAdapter.java:94)
	at com.sun.proxy.$Proxy2.processTestClass(Unknown Source)
	at org.gradle.api.internal.tasks.testing.worker.TestWorker.processTestClass(TestWorker.java:118)
	at java.base/jdk.internal.reflect.NativeMethodAccessorImpl.invoke0(Native Method)
	at java.base/jdk.internal.reflect.NativeMethodAccessorImpl.invoke(NativeMethodAccessorImpl.java:62)
	at java.base/jdk.internal.reflect.DelegatingMethodAccessorImpl.invoke(DelegatingMethodAccessorImpl.java:43)
	at java.base/java.lang.reflect.Method.invoke(Method.java:566)
	at org.gradle.internal.dispatch.ReflectionDispatch.dispatch(ReflectionDispatch.java:36)
	at org.gradle.internal.dispatch.ReflectionDispatch.dispatch(ReflectionDispatch.java:24)
	at org.gradle.internal.remote.internal.hub.MessageHubBackedObjectConnection$DispatchWrapper.dispatch(MessageHubBackedObjectConnection.java:182)
	at org.gradle.internal.remote.internal.hub.MessageHubBackedObjectConnection$DispatchWrapper.dispatch(MessageHubBackedObjectConnection.java:164)
	at org.gradle.internal.remote.internal.hub.MessageHub$Handler.run(MessageHub.java:412)
	at org.gradle.internal.concurrent.ExecutorPolicy$CatchAndRecordFailures.onExecute(ExecutorPolicy.java:64)
	at org.gradle.internal.concurrent.ManagedExecutorImpl$1.run(ManagedExecutorImpl.java:48)
	at java.base/java.util.concurrent.ThreadPoolExecutor.runWorker(ThreadPoolExecutor.java:1128)
	at java.base/java.util.concurrent.ThreadPoolExecutor$Worker.run(ThreadPoolExecutor.java:628)
	at org.gradle.internal.concurrent.ThreadFactoryImpl$ManagedThreadRunnable.run(ThreadFactoryImpl.java:56)
	at java.base/java.lang.Thread.run(Thread.java:834)
]]></system-err>
</testsuite>
